<?xml version="1.0" encoding="UTF-8"?>
<testsuite xmlns:xsi="http://www.w3.org/2001/XMLSchema-instance" xsi:noNamespaceSchemaLocation="https://maven.apache.org/surefire/maven-surefire-plugin/xsd/surefire-test-report-3.0.xsd" version="3.0" name="TestClasses.Test_Chat_App" time="0.114" tests="14" errors="0" skipped="0" failures="0">
  <properties>
[...]
</properties>
  <testcase name="testCellNumberIncorrect" classname="TestClasses.Test_Chat_App" time="0.034"/>
  <testcase name="testPasswordComplexityTrue" classname="TestClasses.Test_Chat_App" time="0.003"/>
  <testcase name="testPasswordComplexityIncorrect" classname="TestClasses.Test_Chat_App" time="0.002"/>
  <testcase name="testUsernameFormatTrue" classname="TestClasses.Test_Chat_App" time="0.001"/>
  <testcase name="testUsernameFormatFalse" classname="TestClasses.Test_Chat_App" time="0.003"/>
  <testcase name="testPasswordcomplexityFalse" classname="TestClasses.Test_Chat_App" time="0.002"/>
  <testcase name="testUsernameFormatCorrect" classname="TestClasses.Test_Chat_App" time="0.004"/>
  <testcase name="testUsernameFormatIncorrect" classname="TestClasses.Test_Chat_App" time="0.001"/>
  <testcase name="testCellPhoneNumberFormatTrue" classname="TestClasses.Test_Chat_App" time="0.003"/>
  <testcase name="testLoginFailed" classname="TestClasses.Test_Chat_App" time="0.002"/>
  <testcase name="testPasswordComplexityCorrect" classname="TestClasses.Test_Chat_App" time="0.001"/>
  <testcase name="testCellPhoneNumberFormatFalse" classname="TestClasses.Test_Chat_App" time="0.004"/>
  <testcase name="testLoginSuccessful" classname="TestClasses.Test_Chat_App" time="0.001"/>
  <testcase name="testCellNumberCorrect" classname="TestClasses.Test_Chat_App" time="0.002"/>
</testsuite>